<?xml version="1.0" encoding="UTF-8"?>
<testsuite xmlns:xsi="http://www.w3.org/2001/XMLSchema-instance" xsi:noNamespaceSchemaLocation="https://maven.apache.org/surefire/maven-surefire-plugin/xsd/surefire-test-report.xsd" name="com.cdcars.api.ApiApplicationTests" time="21.062" tests="1" errors="0" skipped="0" failures="0">
  <properties>
    <property name="java.specification.version" value="13"/>
    <property name="sun.cpu.isalist" value="amd64"/>
    <property name="sun.jnu.encoding" value="Cp1252"/>
    <property name="java.class.path" value="C:\SVN\Área de Desenvolvimento Projetos\trunk\10 - Projeto CD-CARS\Web\target\test-classes;C:\SVN\Área de Desenvolvimento Projetos\trunk\10 - Projeto CD-CARS\Web\target\classes;C:\Users\elvestfis04\.m2\repository\org\apache\mahout\mahout-core\0.9\mahout-core-0.9.jar;C:\Users\elvestfis04\.m2\repository\org\apache\mahout\mahout-math\0.9\mahout-math-0.9.jar;C:\Users\elvestfis04\.m2\repository\org\codehaus\jackson\jackson-core-asl\1.9.12\jackson-core-asl-1.9.12.jar;C:\Users\elvestfis04\.m2\repository\org\codehaus\jackson\jackson-mapper-asl\1.9.12\jackson-mapper-asl-1.9.12.jar;C:\Users\elvestfis04\.m2\repository\org\slf4j\slf4j-api\1.7.30\slf4j-api-1.7.30.jar;C:\Users\elvestfis04\.m2\repository\com\thoughtworks\xstream\xstream\1.4.4\xstream-1.4.4.jar;C:\Users\elvestfis04\.m2\repository\xmlpull\xmlpull\1.1.3.1\xmlpull-1.1.3.1.jar;C:\Users\elvestfis04\.m2\repository\xpp3\xpp3_min\1.1.4c\xpp3_min-1.1.4c.jar;C:\Users\elvestfis04\.m2\repository\org\apache\lucene\lucene-core\4.6.1\lucene-core-4.6.1.jar;C:\Users\elvestfis04\.m2\repository\org\apache\lucene\lucene-analyzers-common\4.6.1\lucene-analyzers-common-4.6.1.jar;C:\Users\elvestfis04\.m2\repository\org\apache\mahout\commons\commons-cli\2.0-mahout\commons-cli-2.0-mahout.jar;C:\Users\elvestfis04\.m2\repository\org\apache\solr\solr-commons-csv\3.5.0\solr-commons-csv-3.5.0.jar;C:\Users\elvestfis04\.m2\repository\org\apache\hadoop\hadoop-core\1.2.1\hadoop-core-1.2.1.jar;C:\Users\elvestfis04\.m2\repository\com\sun\jersey\jersey-core\1.8\jersey-core-1.8.jar;C:\Users\elvestfis04\.m2\repository\com\sun\jersey\jersey-json\1.8\jersey-json-1.8.jar;C:\Users\elvestfis04\.m2\repository\com\sun\xml\bind\jaxb-impl\2.2.3-1\jaxb-impl-2.2.3-1.jar;C:\Users\elvestfis04\.m2\repository\javax\xml\bind\jaxb-api\2.3.1\jaxb-api-2.3.1.jar;C:\Users\elvestfis04\.m2\repository\javax\activation\javax.activation-api\1.2.0\javax.activation-api-1.2.0.jar;C:\Users\elvestfis04\.m2\repository\org\codehaus\jackson\jackson-jaxrs\1.7.1\jackson-jaxrs-1.7.1.jar;C:\Users\elvestfis04\.m2\repository\org\codehaus\jackson\jackson-xc\1.7.1\jackson-xc-1.7.1.jar;C:\Users\elvestfis04\.m2\repository\com\sun\jersey\jersey-server\1.8\jersey-server-1.8.jar;C:\Users\elvestfis04\.m2\repository\asm\asm\3.1\asm-3.1.jar;C:\Users\elvestfis04\.m2\repository\commons-io\commons-io\2.1\commons-io-2.1.jar;C:\Users\elvestfis04\.m2\repository\commons-httpclient\commons-httpclient\3.0.1\commons-httpclient-3.0.1.jar;C:\Users\elvestfis04\.m2\repository\commons-logging\commons-logging\1.0.3\commons-logging-1.0.3.jar;C:\Users\elvestfis04\.m2\repository\commons-codec\commons-codec\1.14\commons-codec-1.14.jar;C:\Users\elvestfis04\.m2\repository\org\apache\commons\commons-math\2.1\commons-math-2.1.jar;C:\Users\elvestfis04\.m2\repository\commons-configuration\commons-configuration\1.6\commons-configuration-1.6.jar;C:\Users\elvestfis04\.m2\repository\commons-digester\commons-digester\1.8\commons-digester-1.8.jar;C:\Users\elvestfis04\.m2\repository\commons-beanutils\commons-beanutils\1.7.0\commons-beanutils-1.7.0.jar;C:\Users\elvestfis04\.m2\repository\commons-beanutils\commons-beanutils-core\1.8.0\commons-beanutils-core-1.8.0.jar;C:\Users\elvestfis04\.m2\repository\commons-net\commons-net\1.4.1\commons-net-1.4.1.jar;C:\Users\elvestfis04\.m2\repository\commons-el\commons-el\1.0\commons-el-1.0.jar;C:\SVN\Área de Desenvolvimento Projetos\trunk\10 - Projeto CD-CARS\Web\external\tracer-4.0.jar;C:\SVN\Área de Desenvolvimento Projetos\trunk\10 - Projeto CD-CARS\Web\external\javabuilder.jar;C:\Users\elvestfis04\.m2\repository\org\apache\commons\commons-lang3\3.11\commons-lang3-3.11.jar;C:\SVN\Área de Desenvolvimento Projetos\trunk\10 - Projeto CD-CARS\Web\external\commons-collections-3.2.1.jar;C:\Users\elvestfis04\.m2\repository\org\apache\commons\commons-math3\3.4.1\commons-math3-3.4.1.jar;C:\SVN\Área de Desenvolvimento Projetos\trunk\10 - Projeto CD-CARS\Web\external\commons-lang-2.4.jar;C:\Users\elvestfis04\.m2\repository\de\julielab\aliasi-lingpipe\4.1.2-JL1.0\aliasi-lingpipe-4.1.2-JL1.0.jar;C:\SVN\Área de Desenvolvimento Projetos\trunk\10 - Projeto CD-CARS\Web\external\Jama-1.0.3.jar;C:\Users\elvestfis04\.m2\repository\org\springframework\boot\spring-boot-starter-data-jpa\2.3.3.RELEASE\spring-boot-starter-data-jpa-2.3.3.RELEASE.jar;C:\Users\elvestfis04\.m2\repository\org\springframework\boot\spring-boot-starter-aop\2.3.3.RELEASE\spring-boot-starter-aop-2.3.3.RELEASE.jar;C:\Users\elvestfis04\.m2\repository\org\springframework\spring-aop\5.2.8.RELEASE\spring-aop-5.2.8.RELEASE.jar;C:\Users\elvestfis04\.m2\repository\org\aspectj\aspectjweaver\1.9.6\aspectjweaver-1.9.6.jar;C:\Users\elvestfis04\.m2\repository\org\springframework\boot\spring-boot-starter-jdbc\2.3.3.RELEASE\spring-boot-starter-jdbc-2.3.3.RELEASE.jar;C:\Users\elvestfis04\.m2\repository\com\zaxxer\HikariCP\3.4.5\HikariCP-3.4.5.jar;C:\Users\elvestfis04\.m2\repository\org\springframework\spring-jdbc\5.2.8.RELEASE\spring-jdbc-5.2.8.RELEASE.jar;C:\Users\elvestfis04\.m2\repository\jakarta\transaction\jakarta.transaction-api\1.3.3\jakarta.transaction-api-1.3.3.jar;C:\Users\elvestfis04\.m2\repository\jakarta\persistence\jakarta.persistence-api\2.2.3\jakarta.persistence-api-2.2.3.jar;C:\Users\elvestfis04\.m2\repository\org\hibernate\hibernate-core\5.4.20.Final\hibernate-core-5.4.20.Final.jar;C:\Users\elvestfis04\.m2\repository\org\jboss\logging\jboss-logging\3.4.1.Final\jboss-logging-3.4.1.Final.jar;C:\Users\elvestfis04\.m2\repository\org\javassist\javassist\3.24.0-GA\javassist-3.24.0-GA.jar;C:\Users\elvestfis04\.m2\repository\net\bytebuddy\byte-buddy\1.10.14\byte-buddy-1.10.14.jar;C:\Users\elvestfis04\.m2\repository\antlr\antlr\2.7.7\antlr-2.7.7.jar;C:\Users\elvestfis04\.m2\repository\org\jboss\jandex\2.1.3.Final\jandex-2.1.3.Final.jar;C:\Users\elvestfis04\.m2\repository\org\dom4j\dom4j\2.1.3\dom4j-2.1.3.jar;C:\Users\elvestfis04\.m2\repository\org\hibernate\common\hibernate-commons-annotations\5.1.0.Final\hibernate-commons-annotations-5.1.0.Final.jar;C:\Users\elvestfis04\.m2\repository\org\glassfish\jaxb\jaxb-runtime\2.3.3\jaxb-runtime-2.3.3.jar;C:\Users\elvestfis04\.m2\repository\org\glassfish\jaxb\txw2\2.3.3\txw2-2.3.3.jar;C:\Users\elvestfis04\.m2\repository\com\sun\istack\istack-commons-runtime\3.0.11\istack-commons-runtime-3.0.11.jar;C:\Users\elvestfis04\.m2\repository\com\sun\activation\jakarta.activation\1.2.2\jakarta.activation-1.2.2.jar;C:\Users\elvestfis04\.m2\repository\org\springframework\data\spring-data-jpa\2.3.3.RELEASE\spring-data-jpa-2.3.3.RELEASE.jar;C:\Users\elvestfis04\.m2\repository\org\springframework\data\spring-data-commons\2.3.3.RELEASE\spring-data-commons-2.3.3.RELEASE.jar;C:\Users\elvestfis04\.m2\repository\org\springframework\spring-orm\5.2.8.RELEASE\spring-orm-5.2.8.RELEASE.jar;C:\Users\elvestfis04\.m2\repository\org\springframework\spring-context\5.2.8.RELEASE\spring-context-5.2.8.RELEASE.jar;C:\Users\elvestfis04\.m2\repository\org\springframework\spring-tx\5.2.8.RELEASE\spring-tx-5.2.8.RELEASE.jar;C:\Users\elvestfis04\.m2\repository\org\springframework\spring-beans\5.2.8.RELEASE\spring-beans-5.2.8.RELEASE.jar;C:\Users\elvestfis04\.m2\repository\org\springframework\spring-aspects\5.2.8.RELEASE\spring-aspects-5.2.8.RELEASE.jar;C:\Users\elvestfis04\.m2\repository\org\springframework\boot\spring-boot-starter-web\2.3.3.RELEASE\spring-boot-starter-web-2.3.3.RELEASE.jar;C:\Users\elvestfis04\.m2\repository\org\springframework\boot\spring-boot-starter\2.3.3.RELEASE\spring-boot-starter-2.3.3.RELEASE.jar;C:\Users\elvestfis04\.m2\repository\org\springframework\boot\spring-boot-starter-logging\2.3.3.RELEASE\spring-boot-starter-logging-2.3.3.RELEASE.jar;C:\Users\elvestfis04\.m2\repository\ch\qos\logback\logback-classic\1.2.3\logback-classic-1.2.3.jar;C:\Users\elvestfis04\.m2\repository\ch\qos\logback\logback-core\1.2.3\logback-core-1.2.3.jar;C:\Users\elvestfis04\.m2\repository\org\apache\logging\log4j\log4j-to-slf4j\2.13.3\log4j-to-slf4j-2.13.3.jar;C:\Users\elvestfis04\.m2\repository\org\apache\logging\log4j\log4j-api\2.13.3\log4j-api-2.13.3.jar;C:\Users\elvestfis04\.m2\repository\org\slf4j\jul-to-slf4j\1.7.30\jul-to-slf4j-1.7.30.jar;C:\Users\elvestfis04\.m2\repository\jakarta\annotation\jakarta.annotation-api\1.3.5\jakarta.annotation-api-1.3.5.jar;C:\Users\elvestfis04\.m2\repository\org\yaml\snakeyaml\1.26\snakeyaml-1.26.jar;C:\Users\elvestfis04\.m2\repository\org\springframework\boot\spring-boot-starter-json\2.3.3.RELEASE\spring-boot-starter-json-2.3.3.RELEASE.jar;C:\Users\elvestfis04\.m2\repository\com\fasterxml\jackson\core\jackson-databind\2.11.2\jackson-databind-2.11.2.jar;C:\Users\elvestfis04\.m2\repository\com\fasterxml\jackson\datatype\jackson-datatype-jdk8\2.11.2\jackson-datatype-jdk8-2.11.2.jar;C:\Users\elvestfis04\.m2\repository\com\fasterxml\jackson\datatype\jackson-datatype-jsr310\2.11.2\jackson-datatype-jsr310-2.11.2.jar;C:\Users\elvestfis04\.m2\repository\com\fasterxml\jackson\module\jackson-module-parameter-names\2.11.2\jackson-module-parameter-names-2.11.2.jar;C:\Users\elvestfis04\.m2\repository\org\springframework\boot\spring-boot-starter-tomcat\2.3.3.RELEASE\spring-boot-starter-tomcat-2.3.3.RELEASE.jar;C:\Users\elvestfis04\.m2\repository\org\apache\tomcat\embed\tomcat-embed-core\9.0.37\tomcat-embed-core-9.0.37.jar;C:\Users\elvestfis04\.m2\repository\org\apache\tomcat\embed\tomcat-embed-websocket\9.0.37\tomcat-embed-websocket-9.0.37.jar;C:\Users\elvestfis04\.m2\repository\org\springframework\spring-web\5.2.8.RELEASE\spring-web-5.2.8.RELEASE.jar;C:\Users\elvestfis04\.m2\repository\org\springframework\spring-webmvc\5.2.8.RELEASE\spring-webmvc-5.2.8.RELEASE.jar;C:\Users\elvestfis04\.m2\repository\org\springframework\spring-expression\5.2.8.RELEASE\spring-expression-5.2.8.RELEASE.jar;C:\Users\elvestfis04\.m2\repository\org\springframework\boot\spring-boot-devtools\2.3.3.RELEASE\spring-boot-devtools-2.3.3.RELEASE.jar;C:\Users\elvestfis04\.m2\repository\org\springframework\boot\spring-boot\2.3.3.RELEASE\spring-boot-2.3.3.RELEASE.jar;C:\Users\elvestfis04\.m2\repository\org\springframework\boot\spring-boot-autoconfigure\2.3.3.RELEASE\spring-boot-autoconfigure-2.3.3.RELEASE.jar;C:\Users\elvestfis04\.m2\repository\mysql\mysql-connector-java\8.0.21\mysql-connector-java-8.0.21.jar;C:\Users\elvestfis04\.m2\repository\org\springframework\boot\spring-boot-starter-test\2.3.3.RELEASE\spring-boot-starter-test-2.3.3.RELEASE.jar;C:\Users\elvestfis04\.m2\repository\org\springframework\boot\spring-boot-test\2.3.3.RELEASE\spring-boot-test-2.3.3.RELEASE.jar;C:\Users\elvestfis04\.m2\repository\org\springframework\boot\spring-boot-test-autoconfigure\2.3.3.RELEASE\spring-boot-test-autoconfigure-2.3.3.RELEASE.jar;C:\Users\elvestfis04\.m2\repository\com\jayway\jsonpath\json-path\2.4.0\json-path-2.4.0.jar;C:\Users\elvestfis04\.m2\repository\net\minidev\json-smart\2.3\json-smart-2.3.jar;C:\Users\elvestfis04\.m2\repository\net\minidev\accessors-smart\1.2\accessors-smart-1.2.jar;C:\Users\elvestfis04\.m2\repository\org\ow2\asm\asm\5.0.4\asm-5.0.4.jar;C:\Users\elvestfis04\.m2\repository\jakarta\xml\bind\jakarta.xml.bind-api\2.3.3\jakarta.xml.bind-api-2.3.3.jar;C:\Users\elvestfis04\.m2\repository\jakarta\activation\jakarta.activation-api\1.2.2\jakarta.activation-api-1.2.2.jar;C:\Users\elvestfis04\.m2\repository\org\assertj\assertj-core\3.16.1\assertj-core-3.16.1.jar;C:\Users\elvestfis04\.m2\repository\org\hamcrest\hamcrest\2.2\hamcrest-2.2.jar;C:\Users\elvestfis04\.m2\repository\org\junit\jupiter\junit-jupiter\5.6.2\junit-jupiter-5.6.2.jar;C:\Users\elvestfis04\.m2\repository\org\junit\jupiter\junit-jupiter-api\5.6.2\junit-jupiter-api-5.6.2.jar;C:\Users\elvestfis04\.m2\repository\org\apiguardian\apiguardian-api\1.1.0\apiguardian-api-1.1.0.jar;C:\Users\elvestfis04\.m2\repository\org\opentest4j\opentest4j\1.2.0\opentest4j-1.2.0.jar;C:\Users\elvestfis04\.m2\repository\org\junit\platform\junit-platform-commons\1.6.2\junit-platform-commons-1.6.2.jar;C:\Users\elvestfis04\.m2\repository\org\junit\jupiter\junit-jupiter-params\5.6.2\junit-jupiter-params-5.6.2.jar;C:\Users\elvestfis04\.m2\repository\org\junit\jupiter\junit-jupiter-engine\5.6.2\junit-jupiter-engine-5.6.2.jar;C:\Users\elvestfis04\.m2\repository\org\junit\platform\junit-platform-engine\1.6.2\junit-platform-engine-1.6.2.jar;C:\Users\elvestfis04\.m2\repository\org\mockito\mockito-core\3.3.3\mockito-core-3.3.3.jar;C:\Users\elvestfis04\.m2\repository\net\bytebuddy\byte-buddy-agent\1.10.14\byte-buddy-agent-1.10.14.jar;C:\Users\elvestfis04\.m2\repository\org\objenesis\objenesis\2.6\objenesis-2.6.jar;C:\Users\elvestfis04\.m2\repository\org\mockito\mockito-junit-jupiter\3.3.3\mockito-junit-jupiter-3.3.3.jar;C:\Users\elvestfis04\.m2\repository\org\skyscreamer\jsonassert\1.5.0\jsonassert-1.5.0.jar;C:\Users\elvestfis04\.m2\repository\com\vaadin\external\google\android-json\0.0.20131108.vaadin1\android-json-0.0.20131108.vaadin1.jar;C:\Users\elvestfis04\.m2\repository\org\springframework\spring-core\5.2.8.RELEASE\spring-core-5.2.8.RELEASE.jar;C:\Users\elvestfis04\.m2\repository\org\springframework\spring-jcl\5.2.8.RELEASE\spring-jcl-5.2.8.RELEASE.jar;C:\Users\elvestfis04\.m2\repository\org\springframework\spring-test\5.2.8.RELEASE\spring-test-5.2.8.RELEASE.jar;C:\Users\elvestfis04\.m2\repository\org\xmlunit\xmlunit-core\2.7.0\xmlunit-core-2.7.0.jar;C:\Users\elvestfis04\.m2\repository\org\springframework\boot\spring-boot-starter-validation\2.3.3.RELEASE\spring-boot-starter-validation-2.3.3.RELEASE.jar;C:\Users\elvestfis04\.m2\repository\org\glassfish\jakarta.el\3.0.3\jakarta.el-3.0.3.jar;C:\Users\elvestfis04\.m2\repository\org\hibernate\validator\hibernate-validator\6.1.5.Final\hibernate-validator-6.1.5.Final.jar;C:\Users\elvestfis04\.m2\repository\jakarta\validation\jakarta.validation-api\2.0.2\jakarta.validation-api-2.0.2.jar;C:\Users\elvestfis04\.m2\repository\com\h2database\h2\1.4.200\h2-1.4.200.jar;C:\Users\elvestfis04\.m2\repository\io\springfox\springfox-swagger2\2.7.0\springfox-swagger2-2.7.0.jar;C:\Users\elvestfis04\.m2\repository\io\swagger\swagger-annotations\1.5.13\swagger-annotations-1.5.13.jar;C:\Users\elvestfis04\.m2\repository\io\swagger\swagger-models\1.5.13\swagger-models-1.5.13.jar;C:\Users\elvestfis04\.m2\repository\com\fasterxml\jackson\core\jackson-annotations\2.11.2\jackson-annotations-2.11.2.jar;C:\Users\elvestfis04\.m2\repository\io\springfox\springfox-spi\2.7.0\springfox-spi-2.7.0.jar;C:\Users\elvestfis04\.m2\repository\io\springfox\springfox-core\2.7.0\springfox-core-2.7.0.jar;C:\Users\elvestfis04\.m2\repository\io\springfox\springfox-schema\2.7.0\springfox-schema-2.7.0.jar;C:\Users\elvestfis04\.m2\repository\io\springfox\springfox-swagger-common\2.7.0\springfox-swagger-common-2.7.0.jar;C:\Users\elvestfis04\.m2\repository\io\springfox\springfox-spring-web\2.7.0\springfox-spring-web-2.7.0.jar;C:\Users\elvestfis04\.m2\repository\org\reflections\reflections\0.9.11\reflections-0.9.11.jar;C:\Users\elvestfis04\.m2\repository\com\google\guava\guava\18.0\guava-18.0.jar;C:\Users\elvestfis04\.m2\repository\com\fasterxml\classmate\1.5.1\classmate-1.5.1.jar;C:\Users\elvestfis04\.m2\repository\org\springframework\plugin\spring-plugin-core\1.2.0.RELEASE\spring-plugin-core-1.2.0.RELEASE.jar;C:\Users\elvestfis04\.m2\repository\org\springframework\plugin\spring-plugin-metadata\1.2.0.RELEASE\spring-plugin-metadata-1.2.0.RELEASE.jar;C:\Users\elvestfis04\.m2\repository\org\mapstruct\mapstruct\1.1.0.Final\mapstruct-1.1.0.Final.jar;C:\Users\elvestfis04\.m2\repository\io\springfox\springfox-swagger-ui\2.7.0\springfox-swagger-ui-2.7.0.jar;C:\Users\elvestfis04\.m2\repository\javax\servlet\servlet-api\2.5\servlet-api-2.5.jar;C:\Users\elvestfis04\.m2\repository\org\codehaus\jettison\jettison\1.4.1\jettison-1.4.1.jar;C:\Users\elvestfis04\.m2\repository\org\apache\mahout\mahout-mr\0.13.0\mahout-mr-0.13.0.jar;C:\Users\elvestfis04\.m2\repository\org\apache\mahout\mahout-hdfs\0.13.0\mahout-hdfs-0.13.0.jar;C:\Users\elvestfis04\.m2\repository\org\apache\hadoop\hadoop-client\2.4.1\hadoop-client-2.4.1.jar;C:\Users\elvestfis04\.m2\repository\org\apache\hadoop\hadoop-common\2.4.1\hadoop-common-2.4.1.jar;C:\Users\elvestfis04\.m2\repository\log4j\log4j\1.2.17\log4j-1.2.17.jar;C:\Users\elvestfis04\.m2\repository\org\slf4j\slf4j-log4j12\1.7.30\slf4j-log4j12-1.7.30.jar;C:\Users\elvestfis04\.m2\repository\org\apache\avro\avro\1.7.4\avro-1.7.4.jar;C:\Users\elvestfis04\.m2\repository\com\thoughtworks\paranamer\paranamer\2.3\paranamer-2.3.jar;C:\Users\elvestfis04\.m2\repository\org\xerial\snappy\snappy-java\1.0.4.1\snappy-java-1.0.4.1.jar;C:\Users\elvestfis04\.m2\repository\com\google\protobuf\protobuf-java\2.5.0\protobuf-java-2.5.0.jar;C:\Users\elvestfis04\.m2\repository\org\apache\hadoop\hadoop-auth\2.4.1\hadoop-auth-2.4.1.jar;C:\Users\elvestfis04\.m2\repository\org\apache\httpcomponents\httpclient\4.5.12\httpclient-4.5.12.jar;C:\Users\elvestfis04\.m2\repository\org\apache\httpcomponents\httpcore\4.4.13\httpcore-4.4.13.jar;C:\Users\elvestfis04\.m2\repository\com\google\code\findbugs\jsr305\1.3.9\jsr305-1.3.9.jar;C:\Users\elvestfis04\.m2\repository\org\apache\zookeeper\zookeeper\3.4.5\zookeeper-3.4.5.jar;C:\Users\elvestfis04\.m2\repository\org\apache\commons\commons-compress\1.4.1\commons-compress-1.4.1.jar;C:\Users\elvestfis04\.m2\repository\org\tukaani\xz\1.0\xz-1.0.jar;C:\Users\elvestfis04\.m2\repository\org\apache\hadoop\hadoop-hdfs\2.4.1\hadoop-hdfs-2.4.1.jar;C:\Users\elvestfis04\.m2\repository\org\apache\hadoop\hadoop-mapreduce-client-app\2.4.1\hadoop-mapreduce-client-app-2.4.1.jar;C:\Users\elvestfis04\.m2\repository\org\apache\hadoop\hadoop-mapreduce-client-common\2.4.1\hadoop-mapreduce-client-common-2.4.1.jar;C:\Users\elvestfis04\.m2\repository\org\apache\hadoop\hadoop-yarn-client\2.4.1\hadoop-yarn-client-2.4.1.jar;C:\Users\elvestfis04\.m2\repository\com\sun\jersey\jersey-client\1.9\jersey-client-1.9.jar;C:\Users\elvestfis04\.m2\repository\org\apache\hadoop\hadoop-yarn-server-common\2.4.1\hadoop-yarn-server-common-2.4.1.jar;C:\Users\elvestfis04\.m2\repository\org\apache\hadoop\hadoop-mapreduce-client-shuffle\2.4.1\hadoop-mapreduce-client-shuffle-2.4.1.jar;C:\Users\elvestfis04\.m2\repository\org\apache\hadoop\hadoop-yarn-api\2.4.1\hadoop-yarn-api-2.4.1.jar;C:\Users\elvestfis04\.m2\repository\org\apache\hadoop\hadoop-mapreduce-client-core\2.4.1\hadoop-mapreduce-client-core-2.4.1.jar;C:\Users\elvestfis04\.m2\repository\org\apache\hadoop\hadoop-yarn-common\2.4.1\hadoop-yarn-common-2.4.1.jar;C:\Users\elvestfis04\.m2\repository\org\apache\hadoop\hadoop-mapreduce-client-jobclient\2.4.1\hadoop-mapreduce-client-jobclient-2.4.1.jar;C:\Users\elvestfis04\.m2\repository\org\apache\hadoop\hadoop-annotations\2.4.1\hadoop-annotations-2.4.1.jar;C:\Users\elvestfis04\.m2\repository\com\fasterxml\jackson\core\jackson-core\2.11.2\jackson-core-2.11.2.jar;C:\Users\elvestfis04\.m2\repository\commons-cli\commons-cli\1.2\commons-cli-1.2.jar;"/>
    <property name="java.vm.vendor" value="Oracle Corporation"/>
    <property name="sun.arch.data.model" value="64"/>
    <property name="user.variant" value=""/>
    <property name="java.vendor.url" value="https://java.oracle.com/"/>
    <property name="user.timezone" value="America/Sao_Paulo"/>
    <property name="os.name" value="Windows 10"/>
    <property name="java.vm.specification.version" value="13"/>
    <property name="user.country" value="BR"/>
    <property name="sun.java.launcher" value="SUN_STANDARD"/>
    <property name="sun.boot.library.path" value="C:\Program Files\Java\jdk-13.0.2\bin"/>
    <property name="sun.java.command" value="C:\Users\ELVEST~1\AppData\Local\Temp\surefire3441727704529242174\surefirebooter17875620447295919355.jar C:\Users\elvestfis04\AppData\Local\Temp\surefire3441727704529242174 2020-10-28T01-36-43_518-jvmRun1 surefire3919959466793462674tmp surefire_07579976046143889654tmp"/>
    <property name="jdk.debug" value="release"/>
    <property name="surefire.test.class.path" value="C:\SVN\Área de Desenvolvimento Projetos\trunk\10 - Projeto CD-CARS\Web\target\test-classes;C:\SVN\Área de Desenvolvimento Projetos\trunk\10 - Projeto CD-CARS\Web\target\classes;C:\Users\elvestfis04\.m2\repository\org\apache\mahout\mahout-core\0.9\mahout-core-0.9.jar;C:\Users\elvestfis04\.m2\repository\org\apache\mahout\mahout-math\0.9\mahout-math-0.9.jar;C:\Users\elvestfis04\.m2\repository\org\codehaus\jackson\jackson-core-asl\1.9.12\jackson-core-asl-1.9.12.jar;C:\Users\elvestfis04\.m2\repository\org\codehaus\jackson\jackson-mapper-asl\1.9.12\jackson-mapper-asl-1.9.12.jar;C:\Users\elvestfis04\.m2\repository\org\slf4j\slf4j-api\1.7.30\slf4j-api-1.7.30.jar;C:\Users\elvestfis04\.m2\repository\com\thoughtworks\xstream\xstream\1.4.4\xstream-1.4.4.jar;C:\Users\elvestfis04\.m2\repository\xmlpull\xmlpull\1.1.3.1\xmlpull-1.1.3.1.jar;C:\Users\elvestfis04\.m2\repository\xpp3\xpp3_min\1.1.4c\xpp3_min-1.1.4c.jar;C:\Users\elvestfis04\.m2\repository\org\apache\lucene\lucene-core\4.6.1\lucene-core-4.6.1.jar;C:\Users\elvestfis04\.m2\repository\org\apache\lucene\lucene-analyzers-common\4.6.1\lucene-analyzers-common-4.6.1.jar;C:\Users\elvestfis04\.m2\repository\org\apache\mahout\commons\commons-cli\2.0-mahout\commons-cli-2.0-mahout.jar;C:\Users\elvestfis04\.m2\repository\org\apache\solr\solr-commons-csv\3.5.0\solr-commons-csv-3.5.0.jar;C:\Users\elvestfis04\.m2\repository\org\apache\hadoop\hadoop-core\1.2.1\hadoop-core-1.2.1.jar;C:\Users\elvestfis04\.m2\repository\com\sun\jersey\jersey-core\1.8\jersey-core-1.8.jar;C:\Users\elvestfis04\.m2\repository\com\sun\jersey\jersey-json\1.8\jersey-json-1.8.jar;C:\Users\elvestfis04\.m2\repository\com\sun\xml\bind\jaxb-impl\2.2.3-1\jaxb-impl-2.2.3-1.jar;C:\Users\elvestfis04\.m2\repository\javax\xml\bind\jaxb-api\2.3.1\jaxb-api-2.3.1.jar;C:\Users\elvestfis04\.m2\repository\javax\activation\javax.activation-api\1.2.0\javax.activation-api-1.2.0.jar;C:\Users\elvestfis04\.m2\repository\org\codehaus\jackson\jackson-jaxrs\1.7.1\jackson-jaxrs-1.7.1.jar;C:\Users\elvestfis04\.m2\repository\org\codehaus\jackson\jackson-xc\1.7.1\jackson-xc-1.7.1.jar;C:\Users\elvestfis04\.m2\repository\com\sun\jersey\jersey-server\1.8\jersey-server-1.8.jar;C:\Users\elvestfis04\.m2\repository\asm\asm\3.1\asm-3.1.jar;C:\Users\elvestfis04\.m2\repository\commons-io\commons-io\2.1\commons-io-2.1.jar;C:\Users\elvestfis04\.m2\repository\commons-httpclient\commons-httpclient\3.0.1\commons-httpclient-3.0.1.jar;C:\Users\elvestfis04\.m2\repository\commons-logging\commons-logging\1.0.3\commons-logging-1.0.3.jar;C:\Users\elvestfis04\.m2\repository\commons-codec\commons-codec\1.14\commons-codec-1.14.jar;C:\Users\elvestfis04\.m2\repository\org\apache\commons\commons-math\2.1\commons-math-2.1.jar;C:\Users\elvestfis04\.m2\repository\commons-configuration\commons-configuration\1.6\commons-configuration-1.6.jar;C:\Users\elvestfis04\.m2\repository\commons-digester\commons-digester\1.8\commons-digester-1.8.jar;C:\Users\elvestfis04\.m2\repository\commons-beanutils\commons-beanutils\1.7.0\commons-beanutils-1.7.0.jar;C:\Users\elvestfis04\.m2\repository\commons-beanutils\commons-beanutils-core\1.8.0\commons-beanutils-core-1.8.0.jar;C:\Users\elvestfis04\.m2\repository\commons-net\commons-net\1.4.1\commons-net-1.4.1.jar;C:\Users\elvestfis04\.m2\repository\commons-el\commons-el\1.0\commons-el-1.0.jar;C:\SVN\Área de Desenvolvimento Projetos\trunk\10 - Projeto CD-CARS\Web\external\tracer-4.0.jar;C:\SVN\Área de Desenvolvimento Projetos\trunk\10 - Projeto CD-CARS\Web\external\javabuilder.jar;C:\Users\elvestfis04\.m2\repository\org\apache\commons\commons-lang3\3.11\commons-lang3-3.11.jar;C:\SVN\Área de Desenvolvimento Projetos\trunk\10 - Projeto CD-CARS\Web\external\commons-collections-3.2.1.jar;C:\Users\elvestfis04\.m2\repository\org\apache\commons\commons-math3\3.4.1\commons-math3-3.4.1.jar;C:\SVN\Área de Desenvolvimento Projetos\trunk\10 - Projeto CD-CARS\Web\external\commons-lang-2.4.jar;C:\Users\elvestfis04\.m2\repository\de\julielab\aliasi-lingpipe\4.1.2-JL1.0\aliasi-lingpipe-4.1.2-JL1.0.jar;C:\SVN\Área de Desenvolvimento Projetos\trunk\10 - Projeto CD-CARS\Web\external\Jama-1.0.3.jar;C:\Users\elvestfis04\.m2\repository\org\springframework\boot\spring-boot-starter-data-jpa\2.3.3.RELEASE\spring-boot-starter-data-jpa-2.3.3.RELEASE.jar;C:\Users\elvestfis04\.m2\repository\org\springframework\boot\spring-boot-starter-aop\2.3.3.RELEASE\spring-boot-starter-aop-2.3.3.RELEASE.jar;C:\Users\elvestfis04\.m2\repository\org\springframework\spring-aop\5.2.8.RELEASE\spring-aop-5.2.8.RELEASE.jar;C:\Users\elvestfis04\.m2\repository\org\aspectj\aspectjweaver\1.9.6\aspectjweaver-1.9.6.jar;C:\Users\elvestfis04\.m2\repository\org\springframework\boot\spring-boot-starter-jdbc\2.3.3.RELEASE\spring-boot-starter-jdbc-2.3.3.RELEASE.jar;C:\Users\elvestfis04\.m2\repository\com\zaxxer\HikariCP\3.4.5\HikariCP-3.4.5.jar;C:\Users\elvestfis04\.m2\repository\org\springframework\spring-jdbc\5.2.8.RELEASE\spring-jdbc-5.2.8.RELEASE.jar;C:\Users\elvestfis04\.m2\repository\jakarta\transaction\jakarta.transaction-api\1.3.3\jakarta.transaction-api-1.3.3.jar;C:\Users\elvestfis04\.m2\repository\jakarta\persistence\jakarta.persistence-api\2.2.3\jakarta.persistence-api-2.2.3.jar;C:\Users\elvestfis04\.m2\repository\org\hibernate\hibernate-core\5.4.20.Final\hibernate-core-5.4.20.Final.jar;C:\Users\elvestfis04\.m2\repository\org\jboss\logging\jboss-logging\3.4.1.Final\jboss-logging-3.4.1.Final.jar;C:\Users\elvestfis04\.m2\repository\org\javassist\javassist\3.24.0-GA\javassist-3.24.0-GA.jar;C:\Users\elvestfis04\.m2\repository\net\bytebuddy\byte-buddy\1.10.14\byte-buddy-1.10.14.jar;C:\Users\elvestfis04\.m2\repository\antlr\antlr\2.7.7\antlr-2.7.7.jar;C:\Users\elvestfis04\.m2\repository\org\jboss\jandex\2.1.3.Final\jandex-2.1.3.Final.jar;C:\Users\elvestfis04\.m2\repository\org\dom4j\dom4j\2.1.3\dom4j-2.1.3.jar;C:\Users\elvestfis04\.m2\repository\org\hibernate\common\hibernate-commons-annotations\5.1.0.Final\hibernate-commons-annotations-5.1.0.Final.jar;C:\Users\elvestfis04\.m2\repository\org\glassfish\jaxb\jaxb-runtime\2.3.3\jaxb-runtime-2.3.3.jar;C:\Users\elvestfis04\.m2\repository\org\glassfish\jaxb\txw2\2.3.3\txw2-2.3.3.jar;C:\Users\elvestfis04\.m2\repository\com\sun\istack\istack-commons-runtime\3.0.11\istack-commons-runtime-3.0.11.jar;C:\Users\elvestfis04\.m2\repository\com\sun\activation\jakarta.activation\1.2.2\jakarta.activation-1.2.2.jar;C:\Users\elvestfis04\.m2\repository\org\springframework\data\spring-data-jpa\2.3.3.RELEASE\spring-data-jpa-2.3.3.RELEASE.jar;C:\Users\elvestfis04\.m2\repository\org\springframework\data\spring-data-commons\2.3.3.RELEASE\spring-data-commons-2.3.3.RELEASE.jar;C:\Users\elvestfis04\.m2\repository\org\springframework\spring-orm\5.2.8.RELEASE\spring-orm-5.2.8.RELEASE.jar;C:\Users\elvestfis04\.m2\repository\org\springframework\spring-context\5.2.8.RELEASE\spring-context-5.2.8.RELEASE.jar;C:\Users\elvestfis04\.m2\repository\org\springframework\spring-tx\5.2.8.RELEASE\spring-tx-5.2.8.RELEASE.jar;C:\Users\elvestfis04\.m2\repository\org\springframework\spring-beans\5.2.8.RELEASE\spring-beans-5.2.8.RELEASE.jar;C:\Users\elvestfis04\.m2\repository\org\springframework\spring-aspects\5.2.8.RELEASE\spring-aspects-5.2.8.RELEASE.jar;C:\Users\elvestfis04\.m2\repository\org\springframework\boot\spring-boot-starter-web\2.3.3.RELEASE\spring-boot-starter-web-2.3.3.RELEASE.jar;C:\Users\elvestfis04\.m2\repository\org\springframework\boot\spring-boot-starter\2.3.3.RELEASE\spring-boot-starter-2.3.3.RELEASE.jar;C:\Users\elvestfis04\.m2\repository\org\springframework\boot\spring-boot-starter-logging\2.3.3.RELEASE\spring-boot-starter-logging-2.3.3.RELEASE.jar;C:\Users\elvestfis04\.m2\repository\ch\qos\logback\logback-classic\1.2.3\logback-classic-1.2.3.jar;C:\Users\elvestfis04\.m2\repository\ch\qos\logback\logback-core\1.2.3\logback-core-1.2.3.jar;C:\Users\elvestfis04\.m2\repository\org\apache\logging\log4j\log4j-to-slf4j\2.13.3\log4j-to-slf4j-2.13.3.jar;C:\Users\elvestfis04\.m2\repository\org\apache\logging\log4j\log4j-api\2.13.3\log4j-api-2.13.3.jar;C:\Users\elvestfis04\.m2\repository\org\slf4j\jul-to-slf4j\1.7.30\jul-to-slf4j-1.7.30.jar;C:\Users\elvestfis04\.m2\repository\jakarta\annotation\jakarta.annotation-api\1.3.5\jakarta.annotation-api-1.3.5.jar;C:\Users\elvestfis04\.m2\repository\org\yaml\snakeyaml\1.26\snakeyaml-1.26.jar;C:\Users\elvestfis04\.m2\repository\org\springframework\boot\spring-boot-starter-json\2.3.3.RELEASE\spring-boot-starter-json-2.3.3.RELEASE.jar;C:\Users\elvestfis04\.m2\repository\com\fasterxml\jackson\core\jackson-databind\2.11.2\jackson-databind-2.11.2.jar;C:\Users\elvestfis04\.m2\repository\com\fasterxml\jackson\datatype\jackson-datatype-jdk8\2.11.2\jackson-datatype-jdk8-2.11.2.jar;C:\Users\elvestfis04\.m2\repository\com\fasterxml\jackson\datatype\jackson-datatype-jsr310\2.11.2\jackson-datatype-jsr310-2.11.2.jar;C:\Users\elvestfis04\.m2\repository\com\fasterxml\jackson\module\jackson-module-parameter-names\2.11.2\jackson-module-parameter-names-2.11.2.jar;C:\Users\elvestfis04\.m2\repository\org\springframework\boot\spring-boot-starter-tomcat\2.3.3.RELEASE\spring-boot-starter-tomcat-2.3.3.RELEASE.jar;C:\Users\elvestfis04\.m2\repository\org\apache\tomcat\embed\tomcat-embed-core\9.0.37\tomcat-embed-core-9.0.37.jar;C:\Users\elvestfis04\.m2\repository\org\apache\tomcat\embed\tomcat-embed-websocket\9.0.37\tomcat-embed-websocket-9.0.37.jar;C:\Users\elvestfis04\.m2\repository\org\springframework\spring-web\5.2.8.RELEASE\spring-web-5.2.8.RELEASE.jar;C:\Users\elvestfis04\.m2\repository\org\springframework\spring-webmvc\5.2.8.RELEASE\spring-webmvc-5.2.8.RELEASE.jar;C:\Users\elvestfis04\.m2\repository\org\springframework\spring-expression\5.2.8.RELEASE\spring-expression-5.2.8.RELEASE.jar;C:\Users\elvestfis04\.m2\repository\org\springframework\boot\spring-boot-devtools\2.3.3.RELEASE\spring-boot-devtools-2.3.3.RELEASE.jar;C:\Users\elvestfis04\.m2\repository\org\springframework\boot\spring-boot\2.3.3.RELEASE\spring-boot-2.3.3.RELEASE.jar;C:\Users\elvestfis04\.m2\repository\org\springframework\boot\spring-boot-autoconfigure\2.3.3.RELEASE\spring-boot-autoconfigure-2.3.3.RELEASE.jar;C:\Users\elvestfis04\.m2\repository\mysql\mysql-connector-java\8.0.21\mysql-connector-java-8.0.21.jar;C:\Users\elvestfis04\.m2\repository\org\springframework\boot\spring-boot-starter-test\2.3.3.RELEASE\spring-boot-starter-test-2.3.3.RELEASE.jar;C:\Users\elvestfis04\.m2\repository\org\springframework\boot\spring-boot-test\2.3.3.RELEASE\spring-boot-test-2.3.3.RELEASE.jar;C:\Users\elvestfis04\.m2\repository\org\springframework\boot\spring-boot-test-autoconfigure\2.3.3.RELEASE\spring-boot-test-autoconfigure-2.3.3.RELEASE.jar;C:\Users\elvestfis04\.m2\repository\com\jayway\jsonpath\json-path\2.4.0\json-path-2.4.0.jar;C:\Users\elvestfis04\.m2\repository\net\minidev\json-smart\2.3\json-smart-2.3.jar;C:\Users\elvestfis04\.m2\repository\net\minidev\accessors-smart\1.2\accessors-smart-1.2.jar;C:\Users\elvestfis04\.m2\repository\org\ow2\asm\asm\5.0.4\asm-5.0.4.jar;C:\Users\elvestfis04\.m2\repository\jakarta\xml\bind\jakarta.xml.bind-api\2.3.3\jakarta.xml.bind-api-2.3.3.jar;C:\Users\elvestfis04\.m2\repository\jakarta\activation\jakarta.activation-api\1.2.2\jakarta.activation-api-1.2.2.jar;C:\Users\elvestfis04\.m2\repository\org\assertj\assertj-core\3.16.1\assertj-core-3.16.1.jar;C:\Users\elvestfis04\.m2\repository\org\hamcrest\hamcrest\2.2\hamcrest-2.2.jar;C:\Users\elvestfis04\.m2\repository\org\junit\jupiter\junit-jupiter\5.6.2\junit-jupiter-5.6.2.jar;C:\Users\elvestfis04\.m2\repository\org\junit\jupiter\junit-jupiter-api\5.6.2\junit-jupiter-api-5.6.2.jar;C:\Users\elvestfis04\.m2\repository\org\apiguardian\apiguardian-api\1.1.0\apiguardian-api-1.1.0.jar;C:\Users\elvestfis04\.m2\repository\org\opentest4j\opentest4j\1.2.0\opentest4j-1.2.0.jar;C:\Users\elvestfis04\.m2\repository\org\junit\platform\junit-platform-commons\1.6.2\junit-platform-commons-1.6.2.jar;C:\Users\elvestfis04\.m2\repository\org\junit\jupiter\junit-jupiter-params\5.6.2\junit-jupiter-params-5.6.2.jar;C:\Users\elvestfis04\.m2\repository\org\junit\jupiter\junit-jupiter-engine\5.6.2\junit-jupiter-engine-5.6.2.jar;C:\Users\elvestfis04\.m2\repository\org\junit\platform\junit-platform-engine\1.6.2\junit-platform-engine-1.6.2.jar;C:\Users\elvestfis04\.m2\repository\org\mockito\mockito-core\3.3.3\mockito-core-3.3.3.jar;C:\Users\elvestfis04\.m2\repository\net\bytebuddy\byte-buddy-agent\1.10.14\byte-buddy-agent-1.10.14.jar;C:\Users\elvestfis04\.m2\repository\org\objenesis\objenesis\2.6\objenesis-2.6.jar;C:\Users\elvestfis04\.m2\repository\org\mockito\mockito-junit-jupiter\3.3.3\mockito-junit-jupiter-3.3.3.jar;C:\Users\elvestfis04\.m2\repository\org\skyscreamer\jsonassert\1.5.0\jsonassert-1.5.0.jar;C:\Users\elvestfis04\.m2\repository\com\vaadin\external\google\android-json\0.0.20131108.vaadin1\android-json-0.0.20131108.vaadin1.jar;C:\Users\elvestfis04\.m2\repository\org\springframework\spring-core\5.2.8.RELEASE\spring-core-5.2.8.RELEASE.jar;C:\Users\elvestfis04\.m2\repository\org\springframework\spring-jcl\5.2.8.RELEASE\spring-jcl-5.2.8.RELEASE.jar;C:\Users\elvestfis04\.m2\repository\org\springframework\spring-test\5.2.8.RELEASE\spring-test-5.2.8.RELEASE.jar;C:\Users\elvestfis04\.m2\repository\org\xmlunit\xmlunit-core\2.7.0\xmlunit-core-2.7.0.jar;C:\Users\elvestfis04\.m2\repository\org\springframework\boot\spring-boot-starter-validation\2.3.3.RELEASE\spring-boot-starter-validation-2.3.3.RELEASE.jar;C:\Users\elvestfis04\.m2\repository\org\glassfish\jakarta.el\3.0.3\jakarta.el-3.0.3.jar;C:\Users\elvestfis04\.m2\repository\org\hibernate\validator\hibernate-validator\6.1.5.Final\hibernate-validator-6.1.5.Final.jar;C:\Users\elvestfis04\.m2\repository\jakarta\validation\jakarta.validation-api\2.0.2\jakarta.validation-api-2.0.2.jar;C:\Users\elvestfis04\.m2\repository\com\h2database\h2\1.4.200\h2-1.4.200.jar;C:\Users\elvestfis04\.m2\repository\io\springfox\springfox-swagger2\2.7.0\springfox-swagger2-2.7.0.jar;C:\Users\elvestfis04\.m2\repository\io\swagger\swagger-annotations\1.5.13\swagger-annotations-1.5.13.jar;C:\Users\elvestfis04\.m2\repository\io\swagger\swagger-models\1.5.13\swagger-models-1.5.13.jar;C:\Users\elvestfis04\.m2\repository\com\fasterxml\jackson\core\jackson-annotations\2.11.2\jackson-annotations-2.11.2.jar;C:\Users\elvestfis04\.m2\repository\io\springfox\springfox-spi\2.7.0\springfox-spi-2.7.0.jar;C:\Users\elvestfis04\.m2\repository\io\springfox\springfox-core\2.7.0\springfox-core-2.7.0.jar;C:\Users\elvestfis04\.m2\repository\io\springfox\springfox-schema\2.7.0\springfox-schema-2.7.0.jar;C:\Users\elvestfis04\.m2\repository\io\springfox\springfox-swagger-common\2.7.0\springfox-swagger-common-2.7.0.jar;C:\Users\elvestfis04\.m2\repository\io\springfox\springfox-spring-web\2.7.0\springfox-spring-web-2.7.0.jar;C:\Users\elvestfis04\.m2\repository\org\reflections\reflections\0.9.11\reflections-0.9.11.jar;C:\Users\elvestfis04\.m2\repository\com\google\guava\guava\18.0\guava-18.0.jar;C:\Users\elvestfis04\.m2\repository\com\fasterxml\classmate\1.5.1\classmate-1.5.1.jar;C:\Users\elvestfis04\.m2\repository\org\springframework\plugin\spring-plugin-core\1.2.0.RELEASE\spring-plugin-core-1.2.0.RELEASE.jar;C:\Users\elvestfis04\.m2\repository\org\springframework\plugin\spring-plugin-metadata\1.2.0.RELEASE\spring-plugin-metadata-1.2.0.RELEASE.jar;C:\Users\elvestfis04\.m2\repository\org\mapstruct\mapstruct\1.1.0.Final\mapstruct-1.1.0.Final.jar;C:\Users\elvestfis04\.m2\repository\io\springfox\springfox-swagger-ui\2.7.0\springfox-swagger-ui-2.7.0.jar;C:\Users\elvestfis04\.m2\repository\javax\servlet\servlet-api\2.5\servlet-api-2.5.jar;C:\Users\elvestfis04\.m2\repository\org\codehaus\jettison\jettison\1.4.1\jettison-1.4.1.jar;C:\Users\elvestfis04\.m2\repository\org\apache\mahout\mahout-mr\0.13.0\mahout-mr-0.13.0.jar;C:\Users\elvestfis04\.m2\repository\org\apache\mahout\mahout-hdfs\0.13.0\mahout-hdfs-0.13.0.jar;C:\Users\elvestfis04\.m2\repository\org\apache\hadoop\hadoop-client\2.4.1\hadoop-client-2.4.1.jar;C:\Users\elvestfis04\.m2\repository\org\apache\hadoop\hadoop-common\2.4.1\hadoop-common-2.4.1.jar;C:\Users\elvestfis04\.m2\repository\log4j\log4j\1.2.17\log4j-1.2.17.jar;C:\Users\elvestfis04\.m2\repository\org\slf4j\slf4j-log4j12\1.7.30\slf4j-log4j12-1.7.30.jar;C:\Users\elvestfis04\.m2\repository\org\apache\avro\avro\1.7.4\avro-1.7.4.jar;C:\Users\elvestfis04\.m2\repository\com\thoughtworks\paranamer\paranamer\2.3\paranamer-2.3.jar;C:\Users\elvestfis04\.m2\repository\org\xerial\snappy\snappy-java\1.0.4.1\snappy-java-1.0.4.1.jar;C:\Users\elvestfis04\.m2\repository\com\google\protobuf\protobuf-java\2.5.0\protobuf-java-2.5.0.jar;C:\Users\elvestfis04\.m2\repository\org\apache\hadoop\hadoop-auth\2.4.1\hadoop-auth-2.4.1.jar;C:\Users\elvestfis04\.m2\repository\org\apache\httpcomponents\httpclient\4.5.12\httpclient-4.5.12.jar;C:\Users\elvestfis04\.m2\repository\org\apache\httpcomponents\httpcore\4.4.13\httpcore-4.4.13.jar;C:\Users\elvestfis04\.m2\repository\com\google\code\findbugs\jsr305\1.3.9\jsr305-1.3.9.jar;C:\Users\elvestfis04\.m2\repository\org\apache\zookeeper\zookeeper\3.4.5\zookeeper-3.4.5.jar;C:\Users\elvestfis04\.m2\repository\org\apache\commons\commons-compress\1.4.1\commons-compress-1.4.1.jar;C:\Users\elvestfis04\.m2\repository\org\tukaani\xz\1.0\xz-1.0.jar;C:\Users\elvestfis04\.m2\repository\org\apache\hadoop\hadoop-hdfs\2.4.1\hadoop-hdfs-2.4.1.jar;C:\Users\elvestfis04\.m2\repository\org\apache\hadoop\hadoop-mapreduce-client-app\2.4.1\hadoop-mapreduce-client-app-2.4.1.jar;C:\Users\elvestfis04\.m2\repository\org\apache\hadoop\hadoop-mapreduce-client-common\2.4.1\hadoop-mapreduce-client-common-2.4.1.jar;C:\Users\elvestfis04\.m2\repository\org\apache\hadoop\hadoop-yarn-client\2.4.1\hadoop-yarn-client-2.4.1.jar;C:\Users\elvestfis04\.m2\repository\com\sun\jersey\jersey-client\1.9\jersey-client-1.9.jar;C:\Users\elvestfis04\.m2\repository\org\apache\hadoop\hadoop-yarn-server-common\2.4.1\hadoop-yarn-server-common-2.4.1.jar;C:\Users\elvestfis04\.m2\repository\org\apache\hadoop\hadoop-mapreduce-client-shuffle\2.4.1\hadoop-mapreduce-client-shuffle-2.4.1.jar;C:\Users\elvestfis04\.m2\repository\org\apache\hadoop\hadoop-yarn-api\2.4.1\hadoop-yarn-api-2.4.1.jar;C:\Users\elvestfis04\.m2\repository\org\apache\hadoop\hadoop-mapreduce-client-core\2.4.1\hadoop-mapreduce-client-core-2.4.1.jar;C:\Users\elvestfis04\.m2\repository\org\apache\hadoop\hadoop-yarn-common\2.4.1\hadoop-yarn-common-2.4.1.jar;C:\Users\elvestfis04\.m2\repository\org\apache\hadoop\hadoop-mapreduce-client-jobclient\2.4.1\hadoop-mapreduce-client-jobclient-2.4.1.jar;C:\Users\elvestfis04\.m2\repository\org\apache\hadoop\hadoop-annotations\2.4.1\hadoop-annotations-2.4.1.jar;C:\Users\elvestfis04\.m2\repository\com\fasterxml\jackson\core\jackson-core\2.11.2\jackson-core-2.11.2.jar;C:\Users\elvestfis04\.m2\repository\commons-cli\commons-cli\1.2\commons-cli-1.2.jar;"/>
    <property name="sun.cpu.endian" value="little"/>
    <property name="user.home" value="C:\Users\elvestfis04"/>
    <property name="user.language" value="pt"/>
    <property name="java.specification.vendor" value="Oracle Corporation"/>
    <property name="java.version.date" value="2020-01-14"/>
    <property name="java.home" value="C:\Program Files\Java\jdk-13.0.2"/>
    <property name="file.separator" value="\"/>
    <property name="basedir" value="C:\SVN\Área de Desenvolvimento Projetos\trunk\10 - Projeto CD-CARS\Web"/>
    <property name="java.vm.compressedOopsMode" value="32-bit"/>
    <property name="line.separator" value="&#10;"/>
    <property name="java.vm.specification.vendor" value="Oracle Corporation"/>
    <property name="java.specification.name" value="Java Platform API Specification"/>
    <property name="surefire.real.class.path" value="C:\Users\ELVEST~1\AppData\Local\Temp\surefire3441727704529242174\surefirebooter17875620447295919355.jar"/>
    <property name="user.script" value=""/>
    <property name="sun.management.compiler" value="HotSpot 64-Bit Tiered Compilers"/>
    <property name="java.runtime.version" value="13.0.2+8"/>
    <property name="user.name" value="elvestfis04"/>
    <property name="path.separator" value=";"/>
    <property name="os.version" value="10.0"/>
    <property name="java.runtime.name" value="Java(TM) SE Runtime Environment"/>
    <property name="file.encoding" value="UTF-8"/>
    <property name="java.vm.name" value="Java HotSpot(TM) 64-Bit Server VM"/>
    <property name="maven.ext.class.path" value="C:\Program Files\NetBeans-11.3\netbeans\java\maven-nblib\netbeans-eventspy.jar"/>
    <property name="localRepository" value="C:\Users\elvestfis04\.m2\repository"/>
    <property name="java.vendor.url.bug" value="https://bugreport.java.com/bugreport/"/>
    <property name="java.io.tmpdir" value="C:\Users\ELVEST~1\AppData\Local\Temp\"/>
    <property name="java.version" value="13.0.2"/>
    <property name="user.dir" value="C:\SVN\Área de Desenvolvimento Projetos\trunk\10 - Projeto CD-CARS\Web"/>
    <property name="os.arch" value="amd64"/>
    <property name="java.vm.specification.name" value="Java Virtual Machine Specification"/>
    <property name="sun.os.patch.level" value=""/>
    <property name="java.library.path" value="C:\Program Files\Java\jdk-13.0.2\bin;C:\Windows\Sun\Java\bin;C:\Windows\system32;C:\Windows;C:\Program Files (x86)\Common Files\Oracle\Java\javapath;C:\Program Files\Common Files\Oracle\Java\javapath;C:\Windows\system32;C:\Windows;C:\Windows\System32\Wbem;C:\Windows\System32\WindowsPowerShell\v1.0\;C:\Windows\System32\OpenSSH\;C:\Program Files\VisualSVN Server\bin;C:\Program Files\TortoiseSVN\bin;C:\Users\elvestfis04\AppData\Local\Microsoft\WindowsApps;;."/>
    <property name="java.vm.info" value="mixed mode, sharing"/>
    <property name="java.vendor" value="Oracle Corporation"/>
    <property name="java.vm.version" value="13.0.2+8"/>
    <property name="sun.io.unicode.encoding" value="UnicodeLittle"/>
    <property name="java.class.version" value="57.0"/>
  </properties>
  <testcase name="contextLoads" classname="com.cdcars.api.ApiApplicationTests" time="0.844"/>
</testsuite>